<?xml version="1.0" encoding="utf-8"?><testsuites><testsuite name="pytest" errors="0" failures="0" skipped="8" tests="8" time="10.822" timestamp="2023-03-11T11:03:42.559837" hostname="111deMacBook-Pro.local"><testcase classname="test_case.test_baidu.TestBaidu" name="test_baidu_001" time="0.000"><skipped type="pytest.skip" message="Skipped">/Users/mac/Downloads/playwright-demo/test_case/test_baidu.py:14: Skipped</skipped></testcase><testcase classname="test_case.test_baidu.TestBaidu" name="test_baidu_002" time="0.000"><skipped type="pytest.skip" message="Skipped">/Users/mac/Downloads/playwright-demo/test_case/test_baidu.py:32: Skipped</skipped></testcase><testcase classname="test_case.test_baidu.TestBaidu" name="test_baidu_003" time="0.000"><skipped type="pytest.skip" message="Skipped">/Users/mac/Downloads/playwright-demo/test_case/test_baidu.py:59: Skipped</skipped></testcase><testcase classname="test_case.test_baidu.TestBaidu" name="test_baidu_004[case1]" time="0.000"><skipped type="pytest.skip" message="Skipped">/Users/mac/Downloads/playwright-demo/test_case/test_baidu.py:75: Skipped</skipped></testcase><testcase classname="test_case.test_baidu.TestBaidu" name="test_baidu_004[case2]" time="0.000"><skipped type="pytest.skip" message="Skipped">/Users/mac/Downloads/playwright-demo/test_case/test_baidu.py:75: Skipped</skipped></testcase><testcase classname="test_case.test_baidu.TestBaidu" name="test_baidu_004[case3]" time="0.000"><skipped type="pytest.skip" message="Skipped">/Users/mac/Downloads/playwright-demo/test_case/test_baidu.py:75: Skipped</skipped></testcase><testcase classname="test_case.test_baidu.TestBaidu" name="test_baidu_006[1-Selenium]" time="0.000"><skipped type="pytest.skip" message="Skipped">/Users/mac/Downloads/playwright-demo/test_case/test_baidu.py:92: Skipped</skipped></testcase><testcase classname="test_case.test_baidu.TestBaidu" name="test_baidu_006[2-playwright]" time="0.000"><skipped type="pytest.skip" message="Skipped">/Users/mac/Downloads/playwright-demo/test_case/test_baidu.py:92: Skipped</skipped></testcase></testsuite></testsuites>