<?xml version="1.0" encoding="utf-8"?><testsuites><testsuite name="pytest" errors="5" failures="0" skipped="0" tests="5" time="36.051" timestamp="2023-03-03T16:30:51.903193" hostname="111deMacBook-Pro.local"><testcase classname="test_case.test_baidu.TestBaidu" name="test_baidu_001" time="35.049"><error message="failed on setup with &quot;playwright._impl._api_types.TimeoutError: Timeout 30000ms exceeded.&#10;=========================== logs ===========================&#10;waiting for locator(&quot;xpath=//html/body/div[3]/div/div[2]/div/div[2]/div/div/button/span&quot;)&#10;============================================================&quot;">base_url = 'https://testwww.youpin898.com/'

    @pytest.fixture(scope="class")
    def page(base_url):
        with sync_playwright() as play:
            browser = play.chromium.launch(headless=False)
            permissions = ["clipboard-read", "clipboard-write"]
            context = browser.new_context(permissions=permissions)
            # 录制日志
            context.tracing.start(screenshots=True, snapshots=True, sources=True)
            page = context.new_page()
            page.goto(base_url)
            page.locator(LoginPage.login_but).click()
            page.locator(LoginPage.phone_num).fill("15557993309")
            page.locator(LoginPage.send_sms_but).click()
            page.locator(LoginPage.input_sms).fill("888888")
&gt;           page.locator(LoginPage.commit_but).click()

conftest.py:128: 
_ _ _ _ _ _ _ _ _ _ _ _ _ _ _ _ _ _ _ _ _ _ _ _ _ _ _ _ _ _ _ _ _ _ _ _ _ _ _ _ 
venv/lib/python3.10/site-packages/playwright/sync_api/_generated.py:15388: in click
    self._sync(
venv/lib/python3.10/site-packages/playwright/_impl/_locator.py:146: in click
    return await self._frame.click(self._selector, strict=True, **params)
venv/lib/python3.10/site-packages/playwright/_impl/_frame.py:489: in click
    await self._channel.send("click", locals_to_params(locals()))
venv/lib/python3.10/site-packages/playwright/_impl/_connection.py:44: in send
    return await self._connection.wrap_api_call(
venv/lib/python3.10/site-packages/playwright/_impl/_connection.py:419: in wrap_api_call
    return await cb()
_ _ _ _ _ _ _ _ _ _ _ _ _ _ _ _ _ _ _ _ _ _ _ _ _ _ _ _ _ _ _ _ _ _ _ _ _ _ _ _ 

self = &lt;playwright._impl._connection.Channel object at 0x10fa32f80&gt;
method = 'click'
params = {'selector': 'xpath=//html/body/div[3]/div/div[2]/div/div[2]/div/div/button/span', 'strict': True}
return_as_dict = False

    async def inner_send(
        self, method: str, params: Optional[Dict], return_as_dict: bool
    ) -&gt; Any:
        if params is None:
            params = {}
        callback = self._connection._send_message_to_server(self._guid, method, params)
        if self._connection._error:
            error = self._connection._error
            self._connection._error = None
            raise error
        done, _ = await asyncio.wait(
            {
                self._connection._transport.on_error_future,
                callback.future,
            },
            return_when=asyncio.FIRST_COMPLETED,
        )
        if not callback.future.done():
            callback.future.cancel()
&gt;       result = next(iter(done)).result()
E       playwright._impl._api_types.TimeoutError: Timeout 30000ms exceeded.
E       =========================== logs ===========================
E       waiting for locator("xpath=//html/body/div[3]/div/div[2]/div/div[2]/div/div/button/span")
E       ============================================================

venv/lib/python3.10/site-packages/playwright/_impl/_connection.py:79: TimeoutError</error></testcase><testcase classname="test_case.test_baidu.TestBaidu" name="test_baidu_002" time="0.000"><error message="failed on setup with &quot;playwright._impl._api_types.TimeoutError: Timeout 30000ms exceeded.&#10;=========================== logs ===========================&#10;waiting for locator(&quot;xpath=//html/body/div[3]/div/div[2]/div/div[2]/div/div/button/span&quot;)&#10;============================================================&quot;">base_url = 'https://testwww.youpin898.com/'

    @pytest.fixture(scope="class")
    def page(base_url):
        with sync_playwright() as play:
            browser = play.chromium.launch(headless=False)
            permissions = ["clipboard-read", "clipboard-write"]
            context = browser.new_context(permissions=permissions)
            # 录制日志
            context.tracing.start(screenshots=True, snapshots=True, sources=True)
            page = context.new_page()
            page.goto(base_url)
            page.locator(LoginPage.login_but).click()
            page.locator(LoginPage.phone_num).fill("15557993309")
            page.locator(LoginPage.send_sms_but).click()
            page.locator(LoginPage.input_sms).fill("888888")
&gt;           page.locator(LoginPage.commit_but).click()

conftest.py:128: 
_ _ _ _ _ _ _ _ _ _ _ _ _ _ _ _ _ _ _ _ _ _ _ _ _ _ _ _ _ _ _ _ _ _ _ _ _ _ _ _ 
venv/lib/python3.10/site-packages/playwright/sync_api/_generated.py:15388: in click
    self._sync(
venv/lib/python3.10/site-packages/playwright/_impl/_locator.py:146: in click
    return await self._frame.click(self._selector, strict=True, **params)
venv/lib/python3.10/site-packages/playwright/_impl/_frame.py:489: in click
    await self._channel.send("click", locals_to_params(locals()))
venv/lib/python3.10/site-packages/playwright/_impl/_connection.py:44: in send
    return await self._connection.wrap_api_call(
venv/lib/python3.10/site-packages/playwright/_impl/_connection.py:419: in wrap_api_call
    return await cb()
_ _ _ _ _ _ _ _ _ _ _ _ _ _ _ _ _ _ _ _ _ _ _ _ _ _ _ _ _ _ _ _ _ _ _ _ _ _ _ _ 

self = &lt;playwright._impl._connection.Channel object at 0x10fa32f80&gt;
method = 'click'
params = {'selector': 'xpath=//html/body/div[3]/div/div[2]/div/div[2]/div/div/button/span', 'strict': True}
return_as_dict = False

    async def inner_send(
        self, method: str, params: Optional[Dict], return_as_dict: bool
    ) -&gt; Any:
        if params is None:
            params = {}
        callback = self._connection._send_message_to_server(self._guid, method, params)
        if self._connection._error:
            error = self._connection._error
            self._connection._error = None
            raise error
        done, _ = await asyncio.wait(
            {
                self._connection._transport.on_error_future,
                callback.future,
            },
            return_when=asyncio.FIRST_COMPLETED,
        )
        if not callback.future.done():
            callback.future.cancel()
&gt;       result = next(iter(done)).result()
E       playwright._impl._api_types.TimeoutError: Timeout 30000ms exceeded.
E       =========================== logs ===========================
E       waiting for locator("xpath=//html/body/div[3]/div/div[2]/div/div[2]/div/div/button/span")
E       ============================================================

venv/lib/python3.10/site-packages/playwright/_impl/_connection.py:79: TimeoutError</error></testcase><testcase classname="test_case.test_baidu.TestBaidu" name="test_baidu_003" time="0.000"><error message="failed on setup with &quot;playwright._impl._api_types.TimeoutError: Timeout 30000ms exceeded.&#10;=========================== logs ===========================&#10;waiting for locator(&quot;xpath=//html/body/div[3]/div/div[2]/div/div[2]/div/div/button/span&quot;)&#10;============================================================&quot;">base_url = 'https://testwww.youpin898.com/'

    @pytest.fixture(scope="class")
    def page(base_url):
        with sync_playwright() as play:
            browser = play.chromium.launch(headless=False)
            permissions = ["clipboard-read", "clipboard-write"]
            context = browser.new_context(permissions=permissions)
            # 录制日志
            context.tracing.start(screenshots=True, snapshots=True, sources=True)
            page = context.new_page()
            page.goto(base_url)
            page.locator(LoginPage.login_but).click()
            page.locator(LoginPage.phone_num).fill("15557993309")
            page.locator(LoginPage.send_sms_but).click()
            page.locator(LoginPage.input_sms).fill("888888")
&gt;           page.locator(LoginPage.commit_but).click()

conftest.py:128: 
_ _ _ _ _ _ _ _ _ _ _ _ _ _ _ _ _ _ _ _ _ _ _ _ _ _ _ _ _ _ _ _ _ _ _ _ _ _ _ _ 
venv/lib/python3.10/site-packages/playwright/sync_api/_generated.py:15388: in click
    self._sync(
venv/lib/python3.10/site-packages/playwright/_impl/_locator.py:146: in click
    return await self._frame.click(self._selector, strict=True, **params)
venv/lib/python3.10/site-packages/playwright/_impl/_frame.py:489: in click
    await self._channel.send("click", locals_to_params(locals()))
venv/lib/python3.10/site-packages/playwright/_impl/_connection.py:44: in send
    return await self._connection.wrap_api_call(
venv/lib/python3.10/site-packages/playwright/_impl/_connection.py:419: in wrap_api_call
    return await cb()
_ _ _ _ _ _ _ _ _ _ _ _ _ _ _ _ _ _ _ _ _ _ _ _ _ _ _ _ _ _ _ _ _ _ _ _ _ _ _ _ 

self = &lt;playwright._impl._connection.Channel object at 0x10fa32f80&gt;
method = 'click'
params = {'selector': 'xpath=//html/body/div[3]/div/div[2]/div/div[2]/div/div/button/span', 'strict': True}
return_as_dict = False

    async def inner_send(
        self, method: str, params: Optional[Dict], return_as_dict: bool
    ) -&gt; Any:
        if params is None:
            params = {}
        callback = self._connection._send_message_to_server(self._guid, method, params)
        if self._connection._error:
            error = self._connection._error
            self._connection._error = None
            raise error
        done, _ = await asyncio.wait(
            {
                self._connection._transport.on_error_future,
                callback.future,
            },
            return_when=asyncio.FIRST_COMPLETED,
        )
        if not callback.future.done():
            callback.future.cancel()
&gt;       result = next(iter(done)).result()
E       playwright._impl._api_types.TimeoutError: Timeout 30000ms exceeded.
E       =========================== logs ===========================
E       waiting for locator("xpath=//html/body/div[3]/div/div[2]/div/div[2]/div/div/button/span")
E       ============================================================

venv/lib/python3.10/site-packages/playwright/_impl/_connection.py:79: TimeoutError</error></testcase><testcase classname="test_case.test_baidu.TestBaidu" name="test_baidu_004[case1]" time="0.000"><error message="failed on setup with &quot;playwright._impl._api_types.TimeoutError: Timeout 30000ms exceeded.&#10;=========================== logs ===========================&#10;waiting for locator(&quot;xpath=//html/body/div[3]/div/div[2]/div/div[2]/div/div/button/span&quot;)&#10;============================================================&quot;">base_url = 'https://testwww.youpin898.com/'

    @pytest.fixture(scope="class")
    def page(base_url):
        with sync_playwright() as play:
            browser = play.chromium.launch(headless=False)
            permissions = ["clipboard-read", "clipboard-write"]
            context = browser.new_context(permissions=permissions)
            # 录制日志
            context.tracing.start(screenshots=True, snapshots=True, sources=True)
            page = context.new_page()
            page.goto(base_url)
            page.locator(LoginPage.login_but).click()
            page.locator(LoginPage.phone_num).fill("15557993309")
            page.locator(LoginPage.send_sms_but).click()
            page.locator(LoginPage.input_sms).fill("888888")
&gt;           page.locator(LoginPage.commit_but).click()

conftest.py:128: 
_ _ _ _ _ _ _ _ _ _ _ _ _ _ _ _ _ _ _ _ _ _ _ _ _ _ _ _ _ _ _ _ _ _ _ _ _ _ _ _ 
venv/lib/python3.10/site-packages/playwright/sync_api/_generated.py:15388: in click
    self._sync(
venv/lib/python3.10/site-packages/playwright/_impl/_locator.py:146: in click
    return await self._frame.click(self._selector, strict=True, **params)
venv/lib/python3.10/site-packages/playwright/_impl/_frame.py:489: in click
    await self._channel.send("click", locals_to_params(locals()))
venv/lib/python3.10/site-packages/playwright/_impl/_connection.py:44: in send
    return await self._connection.wrap_api_call(
venv/lib/python3.10/site-packages/playwright/_impl/_connection.py:419: in wrap_api_call
    return await cb()
_ _ _ _ _ _ _ _ _ _ _ _ _ _ _ _ _ _ _ _ _ _ _ _ _ _ _ _ _ _ _ _ _ _ _ _ _ _ _ _ 

self = &lt;playwright._impl._connection.Channel object at 0x10fa32f80&gt;
method = 'click'
params = {'selector': 'xpath=//html/body/div[3]/div/div[2]/div/div[2]/div/div/button/span', 'strict': True}
return_as_dict = False

    async def inner_send(
        self, method: str, params: Optional[Dict], return_as_dict: bool
    ) -&gt; Any:
        if params is None:
            params = {}
        callback = self._connection._send_message_to_server(self._guid, method, params)
        if self._connection._error:
            error = self._connection._error
            self._connection._error = None
            raise error
        done, _ = await asyncio.wait(
            {
                self._connection._transport.on_error_future,
                callback.future,
            },
            return_when=asyncio.FIRST_COMPLETED,
        )
        if not callback.future.done():
            callback.future.cancel()
&gt;       result = next(iter(done)).result()
E       playwright._impl._api_types.TimeoutError: Timeout 30000ms exceeded.
E       =========================== logs ===========================
E       waiting for locator("xpath=//html/body/div[3]/div/div[2]/div/div[2]/div/div/button/span")
E       ============================================================

venv/lib/python3.10/site-packages/playwright/_impl/_connection.py:79: TimeoutError</error></testcase><testcase classname="test_case.test_baidu.TestBaidu" name="test_baidu_004[case2]" time="0.000"><error message="failed on setup with &quot;playwright._impl._api_types.TimeoutError: Timeout 30000ms exceeded.&#10;=========================== logs ===========================&#10;waiting for locator(&quot;xpath=//html/body/div[3]/div/div[2]/div/div[2]/div/div/button/span&quot;)&#10;============================================================&quot;">base_url = 'https://testwww.youpin898.com/'

    @pytest.fixture(scope="class")
    def page(base_url):
        with sync_playwright() as play:
            browser = play.chromium.launch(headless=False)
            permissions = ["clipboard-read", "clipboard-write"]
            context = browser.new_context(permissions=permissions)
            # 录制日志
            context.tracing.start(screenshots=True, snapshots=True, sources=True)
            page = context.new_page()
            page.goto(base_url)
            page.locator(LoginPage.login_but).click()
            page.locator(LoginPage.phone_num).fill("15557993309")
            page.locator(LoginPage.send_sms_but).click()
            page.locator(LoginPage.input_sms).fill("888888")
&gt;           page.locator(LoginPage.commit_but).click()

conftest.py:128: 
_ _ _ _ _ _ _ _ _ _ _ _ _ _ _ _ _ _ _ _ _ _ _ _ _ _ _ _ _ _ _ _ _ _ _ _ _ _ _ _ 
venv/lib/python3.10/site-packages/playwright/sync_api/_generated.py:15388: in click
    self._sync(
venv/lib/python3.10/site-packages/playwright/_impl/_locator.py:146: in click
    return await self._frame.click(self._selector, strict=True, **params)
venv/lib/python3.10/site-packages/playwright/_impl/_frame.py:489: in click
    await self._channel.send("click", locals_to_params(locals()))
venv/lib/python3.10/site-packages/playwright/_impl/_connection.py:44: in send
    return await self._connection.wrap_api_call(
venv/lib/python3.10/site-packages/playwright/_impl/_connection.py:419: in wrap_api_call
    return await cb()
_ _ _ _ _ _ _ _ _ _ _ _ _ _ _ _ _ _ _ _ _ _ _ _ _ _ _ _ _ _ _ _ _ _ _ _ _ _ _ _ 

self = &lt;playwright._impl._connection.Channel object at 0x10fa32f80&gt;
method = 'click'
params = {'selector': 'xpath=//html/body/div[3]/div/div[2]/div/div[2]/div/div/button/span', 'strict': True}
return_as_dict = False

    async def inner_send(
        self, method: str, params: Optional[Dict], return_as_dict: bool
    ) -&gt; Any:
        if params is None:
            params = {}
        callback = self._connection._send_message_to_server(self._guid, method, params)
        if self._connection._error:
            error = self._connection._error
            self._connection._error = None
            raise error
        done, _ = await asyncio.wait(
            {
                self._connection._transport.on_error_future,
                callback.future,
            },
            return_when=asyncio.FIRST_COMPLETED,
        )
        if not callback.future.done():
            callback.future.cancel()
&gt;       result = next(iter(done)).result()
E       playwright._impl._api_types.TimeoutError: Timeout 30000ms exceeded.
E       =========================== logs ===========================
E       waiting for locator("xpath=//html/body/div[3]/div/div[2]/div/div[2]/div/div/button/span")
E       ============================================================

venv/lib/python3.10/site-packages/playwright/_impl/_connection.py:79: TimeoutError</error></testcase></testsuite></testsuites>