<?xml version="1.0" encoding="utf-8"?><testsuites><testsuite name="pytest" errors="0" failures="5" skipped="0" tests="13" time="180.592" timestamp="2023-03-03T17:36:29.110804" hostname="111deMacBook-Pro.local"><testcase classname="test_case.test_baidu.TestBaidu" name="test_baidu_001" time="6.867" /><testcase classname="test_case.test_baidu.TestBaidu" name="test_baidu_002" time="2.576" /><testcase classname="test_case.test_baidu.TestBaidu" name="test_baidu_003" time="0.497" /><testcase classname="test_case.test_baidu.TestBaidu" name="test_baidu_004[case1]" time="2.939" /><testcase classname="test_case.test_baidu.TestBaidu" name="test_baidu_004[case2]" time="2.421" /><testcase classname="test_case.test_baidu.TestBaidu" name="test_baidu_004[case3]" time="2.630" /><testcase classname="test_case.test_baidu.TestBaidu" name="test_baidu_006[1-Selenium]" time="2.345" /><testcase classname="test_case.test_baidu.TestBaidu" name="test_baidu_006[2-playwright]" time="3.867" /><testcase classname="test_case.test_inventory.TestInventory" name="test_grounding_onleysale[case1]" time="34.543"><failure message="playwright._impl._api_types.TimeoutError: Timeout 30000ms exceeded.&#10;=========================== logs ===========================&#10;waiting for locator(&quot;xpath=//html/body/div[2]/div/div/div[1]/div/ul/li[7]/a/span&quot;)&#10;  locator resolved to &lt;span class=&quot;f14&quot; data-v-448173c4=&quot;&quot;&gt;我的库存&lt;/span&gt;&#10;attempting click action&#10;  waiting for element to be visible, enabled and stable&#10;    element is not visible - waiting...&#10;============================================================">self = &lt;test_case.test_inventory.TestInventory object at 0x10f944b80&gt;
page = &lt;Page url='https://testwww.youpin898.com/'&gt;, price = '1'
comment = 'UI自动化上架demo正确上架数字1'

    @pytest.mark.parametrize(
        "price, comment",
        [("1", "UI自动化上架demo正确上架数字1"),
         ("0", "UI自动化上架demo-价格为0"),
         ("啊啊啊啊", "UI自动化上架demo-价格框输入文字"),
         ("&amp;&amp;&amp;¥%……&amp;*", "UI自动化上架demo-符号"),
         ("-9", "UI自动化上架demo-负数"),
         ],
        ids=["case1", "case2", "case3", "case4", "case5"]
    )
    @allure.story("只卖不租-单个上架")
    def test_grounding_onleysale(self, page, price, comment):
        # 点击我的库存
&gt;       page.locator(InventoryPage.my_inventory).click()

test_case/test_inventory.py:30: 
_ _ _ _ _ _ _ _ _ _ _ _ _ _ _ _ _ _ _ _ _ _ _ _ _ _ _ _ _ _ _ _ _ _ _ _ _ _ _ _ 
venv/lib/python3.10/site-packages/playwright/sync_api/_generated.py:15388: in click
    self._sync(
venv/lib/python3.10/site-packages/playwright/_impl/_locator.py:146: in click
    return await self._frame.click(self._selector, strict=True, **params)
venv/lib/python3.10/site-packages/playwright/_impl/_frame.py:489: in click
    await self._channel.send("click", locals_to_params(locals()))
venv/lib/python3.10/site-packages/playwright/_impl/_connection.py:44: in send
    return await self._connection.wrap_api_call(
venv/lib/python3.10/site-packages/playwright/_impl/_connection.py:419: in wrap_api_call
    return await cb()
_ _ _ _ _ _ _ _ _ _ _ _ _ _ _ _ _ _ _ _ _ _ _ _ _ _ _ _ _ _ _ _ _ _ _ _ _ _ _ _ 

self = &lt;playwright._impl._connection.Channel object at 0x10fd28d30&gt;
method = 'click'
params = {'selector': 'xpath=//html/body/div[2]/div/div/div[1]/div/ul/li[7]/a/span', 'strict': True}
return_as_dict = False

    async def inner_send(
        self, method: str, params: Optional[Dict], return_as_dict: bool
    ) -&gt; Any:
        if params is None:
            params = {}
        callback = self._connection._send_message_to_server(self._guid, method, params)
        if self._connection._error:
            error = self._connection._error
            self._connection._error = None
            raise error
        done, _ = await asyncio.wait(
            {
                self._connection._transport.on_error_future,
                callback.future,
            },
            return_when=asyncio.FIRST_COMPLETED,
        )
        if not callback.future.done():
            callback.future.cancel()
&gt;       result = next(iter(done)).result()
E       playwright._impl._api_types.TimeoutError: Timeout 30000ms exceeded.
E       =========================== logs ===========================
E       waiting for locator("xpath=//html/body/div[2]/div/div/div[1]/div/ul/li[7]/a/span")
E         locator resolved to &lt;span class="f14" data-v-448173c4=""&gt;我的库存&lt;/span&gt;
E       attempting click action
E         waiting for element to be visible, enabled and stable
E           element is not visible - waiting...
E       ============================================================

venv/lib/python3.10/site-packages/playwright/_impl/_connection.py:79: TimeoutError</failure></testcase><testcase classname="test_case.test_inventory.TestInventory" name="test_grounding_onleysale[case2]" time="30.011"><failure message="playwright._impl._api_types.TimeoutError: Timeout 30000ms exceeded.&#10;=========================== logs ===========================&#10;waiting for locator(&quot;xpath=//html/body/div[2]/div/div/div[1]/div/ul/li[7]/a/span&quot;)&#10;  locator resolved to &lt;span class=&quot;f14&quot; data-v-448173c4=&quot;&quot;&gt;我的库存&lt;/span&gt;&#10;attempting click action&#10;  waiting for element to be visible, enabled and stable&#10;    element is not visible - waiting...&#10;============================================================">self = &lt;test_case.test_inventory.TestInventory object at 0x10f944c70&gt;
page = &lt;Page url='https://testwww.youpin898.com/'&gt;, price = '0'
comment = 'UI自动化上架demo-价格为0'

    @pytest.mark.parametrize(
        "price, comment",
        [("1", "UI自动化上架demo正确上架数字1"),
         ("0", "UI自动化上架demo-价格为0"),
         ("啊啊啊啊", "UI自动化上架demo-价格框输入文字"),
         ("&amp;&amp;&amp;¥%……&amp;*", "UI自动化上架demo-符号"),
         ("-9", "UI自动化上架demo-负数"),
         ],
        ids=["case1", "case2", "case3", "case4", "case5"]
    )
    @allure.story("只卖不租-单个上架")
    def test_grounding_onleysale(self, page, price, comment):
        # 点击我的库存
&gt;       page.locator(InventoryPage.my_inventory).click()

test_case/test_inventory.py:30: 
_ _ _ _ _ _ _ _ _ _ _ _ _ _ _ _ _ _ _ _ _ _ _ _ _ _ _ _ _ _ _ _ _ _ _ _ _ _ _ _ 
venv/lib/python3.10/site-packages/playwright/sync_api/_generated.py:15388: in click
    self._sync(
venv/lib/python3.10/site-packages/playwright/_impl/_locator.py:146: in click
    return await self._frame.click(self._selector, strict=True, **params)
venv/lib/python3.10/site-packages/playwright/_impl/_frame.py:489: in click
    await self._channel.send("click", locals_to_params(locals()))
venv/lib/python3.10/site-packages/playwright/_impl/_connection.py:44: in send
    return await self._connection.wrap_api_call(
venv/lib/python3.10/site-packages/playwright/_impl/_connection.py:419: in wrap_api_call
    return await cb()
_ _ _ _ _ _ _ _ _ _ _ _ _ _ _ _ _ _ _ _ _ _ _ _ _ _ _ _ _ _ _ _ _ _ _ _ _ _ _ _ 

self = &lt;playwright._impl._connection.Channel object at 0x10fd28d30&gt;
method = 'click'
params = {'selector': 'xpath=//html/body/div[2]/div/div/div[1]/div/ul/li[7]/a/span', 'strict': True}
return_as_dict = False

    async def inner_send(
        self, method: str, params: Optional[Dict], return_as_dict: bool
    ) -&gt; Any:
        if params is None:
            params = {}
        callback = self._connection._send_message_to_server(self._guid, method, params)
        if self._connection._error:
            error = self._connection._error
            self._connection._error = None
            raise error
        done, _ = await asyncio.wait(
            {
                self._connection._transport.on_error_future,
                callback.future,
            },
            return_when=asyncio.FIRST_COMPLETED,
        )
        if not callback.future.done():
            callback.future.cancel()
&gt;       result = next(iter(done)).result()
E       playwright._impl._api_types.TimeoutError: Timeout 30000ms exceeded.
E       =========================== logs ===========================
E       waiting for locator("xpath=//html/body/div[2]/div/div/div[1]/div/ul/li[7]/a/span")
E         locator resolved to &lt;span class="f14" data-v-448173c4=""&gt;我的库存&lt;/span&gt;
E       attempting click action
E         waiting for element to be visible, enabled and stable
E           element is not visible - waiting...
E       ============================================================

venv/lib/python3.10/site-packages/playwright/_impl/_connection.py:79: TimeoutError</failure></testcase><testcase classname="test_case.test_inventory.TestInventory" name="test_grounding_onleysale[case3]" time="30.008"><failure message="playwright._impl._api_types.TimeoutError: Timeout 30000ms exceeded.&#10;=========================== logs ===========================&#10;waiting for locator(&quot;xpath=//html/body/div[2]/div/div/div[1]/div/ul/li[7]/a/span&quot;)&#10;  locator resolved to &lt;span class=&quot;f14&quot; data-v-448173c4=&quot;&quot;&gt;我的库存&lt;/span&gt;&#10;attempting click action&#10;  waiting for element to be visible, enabled and stable&#10;    element is not visible - waiting...&#10;============================================================">self = &lt;test_case.test_inventory.TestInventory object at 0x10f944d00&gt;
page = &lt;Page url='https://testwww.youpin898.com/'&gt;, price = '啊啊啊啊'
comment = 'UI自动化上架demo-价格框输入文字'

    @pytest.mark.parametrize(
        "price, comment",
        [("1", "UI自动化上架demo正确上架数字1"),
         ("0", "UI自动化上架demo-价格为0"),
         ("啊啊啊啊", "UI自动化上架demo-价格框输入文字"),
         ("&amp;&amp;&amp;¥%……&amp;*", "UI自动化上架demo-符号"),
         ("-9", "UI自动化上架demo-负数"),
         ],
        ids=["case1", "case2", "case3", "case4", "case5"]
    )
    @allure.story("只卖不租-单个上架")
    def test_grounding_onleysale(self, page, price, comment):
        # 点击我的库存
&gt;       page.locator(InventoryPage.my_inventory).click()

test_case/test_inventory.py:30: 
_ _ _ _ _ _ _ _ _ _ _ _ _ _ _ _ _ _ _ _ _ _ _ _ _ _ _ _ _ _ _ _ _ _ _ _ _ _ _ _ 
venv/lib/python3.10/site-packages/playwright/sync_api/_generated.py:15388: in click
    self._sync(
venv/lib/python3.10/site-packages/playwright/_impl/_locator.py:146: in click
    return await self._frame.click(self._selector, strict=True, **params)
venv/lib/python3.10/site-packages/playwright/_impl/_frame.py:489: in click
    await self._channel.send("click", locals_to_params(locals()))
venv/lib/python3.10/site-packages/playwright/_impl/_connection.py:44: in send
    return await self._connection.wrap_api_call(
venv/lib/python3.10/site-packages/playwright/_impl/_connection.py:419: in wrap_api_call
    return await cb()
_ _ _ _ _ _ _ _ _ _ _ _ _ _ _ _ _ _ _ _ _ _ _ _ _ _ _ _ _ _ _ _ _ _ _ _ _ _ _ _ 

self = &lt;playwright._impl._connection.Channel object at 0x10fd28d30&gt;
method = 'click'
params = {'selector': 'xpath=//html/body/div[2]/div/div/div[1]/div/ul/li[7]/a/span', 'strict': True}
return_as_dict = False

    async def inner_send(
        self, method: str, params: Optional[Dict], return_as_dict: bool
    ) -&gt; Any:
        if params is None:
            params = {}
        callback = self._connection._send_message_to_server(self._guid, method, params)
        if self._connection._error:
            error = self._connection._error
            self._connection._error = None
            raise error
        done, _ = await asyncio.wait(
            {
                self._connection._transport.on_error_future,
                callback.future,
            },
            return_when=asyncio.FIRST_COMPLETED,
        )
        if not callback.future.done():
            callback.future.cancel()
&gt;       result = next(iter(done)).result()
E       playwright._impl._api_types.TimeoutError: Timeout 30000ms exceeded.
E       =========================== logs ===========================
E       waiting for locator("xpath=//html/body/div[2]/div/div/div[1]/div/ul/li[7]/a/span")
E         locator resolved to &lt;span class="f14" data-v-448173c4=""&gt;我的库存&lt;/span&gt;
E       attempting click action
E         waiting for element to be visible, enabled and stable
E           element is not visible - waiting...
E       ============================================================

venv/lib/python3.10/site-packages/playwright/_impl/_connection.py:79: TimeoutError</failure></testcase><testcase classname="test_case.test_inventory.TestInventory" name="test_grounding_onleysale[case4]" time="30.012"><failure message="playwright._impl._api_types.TimeoutError: Timeout 30000ms exceeded.&#10;=========================== logs ===========================&#10;waiting for locator(&quot;xpath=//html/body/div[2]/div/div/div[1]/div/ul/li[7]/a/span&quot;)&#10;  locator resolved to &lt;span class=&quot;f14&quot; data-v-448173c4=&quot;&quot;&gt;我的库存&lt;/span&gt;&#10;attempting click action&#10;  waiting for element to be visible, enabled and stable&#10;    element is not visible - waiting...&#10;============================================================">self = &lt;test_case.test_inventory.TestInventory object at 0x10f944d90&gt;
page = &lt;Page url='https://testwww.youpin898.com/'&gt;, price = '&amp;&amp;&amp;¥%……&amp;*'
comment = 'UI自动化上架demo-符号'

    @pytest.mark.parametrize(
        "price, comment",
        [("1", "UI自动化上架demo正确上架数字1"),
         ("0", "UI自动化上架demo-价格为0"),
         ("啊啊啊啊", "UI自动化上架demo-价格框输入文字"),
         ("&amp;&amp;&amp;¥%……&amp;*", "UI自动化上架demo-符号"),
         ("-9", "UI自动化上架demo-负数"),
         ],
        ids=["case1", "case2", "case3", "case4", "case5"]
    )
    @allure.story("只卖不租-单个上架")
    def test_grounding_onleysale(self, page, price, comment):
        # 点击我的库存
&gt;       page.locator(InventoryPage.my_inventory).click()

test_case/test_inventory.py:30: 
_ _ _ _ _ _ _ _ _ _ _ _ _ _ _ _ _ _ _ _ _ _ _ _ _ _ _ _ _ _ _ _ _ _ _ _ _ _ _ _ 
venv/lib/python3.10/site-packages/playwright/sync_api/_generated.py:15388: in click
    self._sync(
venv/lib/python3.10/site-packages/playwright/_impl/_locator.py:146: in click
    return await self._frame.click(self._selector, strict=True, **params)
venv/lib/python3.10/site-packages/playwright/_impl/_frame.py:489: in click
    await self._channel.send("click", locals_to_params(locals()))
venv/lib/python3.10/site-packages/playwright/_impl/_connection.py:44: in send
    return await self._connection.wrap_api_call(
venv/lib/python3.10/site-packages/playwright/_impl/_connection.py:419: in wrap_api_call
    return await cb()
_ _ _ _ _ _ _ _ _ _ _ _ _ _ _ _ _ _ _ _ _ _ _ _ _ _ _ _ _ _ _ _ _ _ _ _ _ _ _ _ 

self = &lt;playwright._impl._connection.Channel object at 0x10fd28d30&gt;
method = 'click'
params = {'selector': 'xpath=//html/body/div[2]/div/div/div[1]/div/ul/li[7]/a/span', 'strict': True}
return_as_dict = False

    async def inner_send(
        self, method: str, params: Optional[Dict], return_as_dict: bool
    ) -&gt; Any:
        if params is None:
            params = {}
        callback = self._connection._send_message_to_server(self._guid, method, params)
        if self._connection._error:
            error = self._connection._error
            self._connection._error = None
            raise error
        done, _ = await asyncio.wait(
            {
                self._connection._transport.on_error_future,
                callback.future,
            },
            return_when=asyncio.FIRST_COMPLETED,
        )
        if not callback.future.done():
            callback.future.cancel()
&gt;       result = next(iter(done)).result()
E       playwright._impl._api_types.TimeoutError: Timeout 30000ms exceeded.
E       =========================== logs ===========================
E       waiting for locator("xpath=//html/body/div[2]/div/div/div[1]/div/ul/li[7]/a/span")
E         locator resolved to &lt;span class="f14" data-v-448173c4=""&gt;我的库存&lt;/span&gt;
E       attempting click action
E         waiting for element to be visible, enabled and stable
E           element is not visible - waiting...
E       ============================================================

venv/lib/python3.10/site-packages/playwright/_impl/_connection.py:79: TimeoutError</failure></testcase><testcase classname="test_case.test_inventory.TestInventory" name="test_grounding_onleysale[case5]" time="30.009"><failure message="playwright._impl._api_types.TimeoutError: Timeout 30000ms exceeded.&#10;=========================== logs ===========================&#10;waiting for locator(&quot;xpath=//html/body/div[2]/div/div/div[1]/div/ul/li[7]/a/span&quot;)&#10;  locator resolved to &lt;span class=&quot;f14&quot; data-v-448173c4=&quot;&quot;&gt;我的库存&lt;/span&gt;&#10;attempting click action&#10;  waiting for element to be visible, enabled and stable&#10;    element is not visible - waiting...&#10;============================================================">self = &lt;test_case.test_inventory.TestInventory object at 0x10f944e20&gt;
page = &lt;Page url='https://testwww.youpin898.com/'&gt;, price = '-9'
comment = 'UI自动化上架demo-负数'

    @pytest.mark.parametrize(
        "price, comment",
        [("1", "UI自动化上架demo正确上架数字1"),
         ("0", "UI自动化上架demo-价格为0"),
         ("啊啊啊啊", "UI自动化上架demo-价格框输入文字"),
         ("&amp;&amp;&amp;¥%……&amp;*", "UI自动化上架demo-符号"),
         ("-9", "UI自动化上架demo-负数"),
         ],
        ids=["case1", "case2", "case3", "case4", "case5"]
    )
    @allure.story("只卖不租-单个上架")
    def test_grounding_onleysale(self, page, price, comment):
        # 点击我的库存
&gt;       page.locator(InventoryPage.my_inventory).click()

test_case/test_inventory.py:30: 
_ _ _ _ _ _ _ _ _ _ _ _ _ _ _ _ _ _ _ _ _ _ _ _ _ _ _ _ _ _ _ _ _ _ _ _ _ _ _ _ 
venv/lib/python3.10/site-packages/playwright/sync_api/_generated.py:15388: in click
    self._sync(
venv/lib/python3.10/site-packages/playwright/_impl/_locator.py:146: in click
    return await self._frame.click(self._selector, strict=True, **params)
venv/lib/python3.10/site-packages/playwright/_impl/_frame.py:489: in click
    await self._channel.send("click", locals_to_params(locals()))
venv/lib/python3.10/site-packages/playwright/_impl/_connection.py:44: in send
    return await self._connection.wrap_api_call(
venv/lib/python3.10/site-packages/playwright/_impl/_connection.py:419: in wrap_api_call
    return await cb()
_ _ _ _ _ _ _ _ _ _ _ _ _ _ _ _ _ _ _ _ _ _ _ _ _ _ _ _ _ _ _ _ _ _ _ _ _ _ _ _ 

self = &lt;playwright._impl._connection.Channel object at 0x10fd28d30&gt;
method = 'click'
params = {'selector': 'xpath=//html/body/div[2]/div/div/div[1]/div/ul/li[7]/a/span', 'strict': True}
return_as_dict = False

    async def inner_send(
        self, method: str, params: Optional[Dict], return_as_dict: bool
    ) -&gt; Any:
        if params is None:
            params = {}
        callback = self._connection._send_message_to_server(self._guid, method, params)
        if self._connection._error:
            error = self._connection._error
            self._connection._error = None
            raise error
        done, _ = await asyncio.wait(
            {
                self._connection._transport.on_error_future,
                callback.future,
            },
            return_when=asyncio.FIRST_COMPLETED,
        )
        if not callback.future.done():
            callback.future.cancel()
&gt;       result = next(iter(done)).result()
E       playwright._impl._api_types.TimeoutError: Timeout 30000ms exceeded.
E       =========================== logs ===========================
E       waiting for locator("xpath=//html/body/div[2]/div/div/div[1]/div/ul/li[7]/a/span")
E         locator resolved to &lt;span class="f14" data-v-448173c4=""&gt;我的库存&lt;/span&gt;
E       attempting click action
E         waiting for element to be visible, enabled and stable
E           element is not visible - waiting...
E       ============================================================

venv/lib/python3.10/site-packages/playwright/_impl/_connection.py:79: TimeoutError</failure></testcase></testsuite></testsuites>