<?xml version="1.0" encoding="utf-8"?><testsuites><testsuite name="pytest" errors="0" failures="1" skipped="0" tests="11" time="90.387" timestamp="2023-03-03T14:52:05.764485" hostname="111deMacBook-Pro.local"><testcase classname="test_case.test_baidu.TestBaidu" name="test_baidu_001" time="9.101" /><testcase classname="test_case.test_baidu.TestBaidu" name="test_baidu_002" time="3.069" /><testcase classname="test_case.test_baidu.TestBaidu" name="test_baidu_003" time="1.094" /><testcase classname="test_case.test_baidu.TestBaidu" name="test_baidu_004[case1]" time="2.581" /><testcase classname="test_case.test_baidu.TestBaidu" name="test_baidu_004[case2]" time="2.586" /><testcase classname="test_case.test_baidu.TestBaidu" name="test_baidu_004[case3]" time="3.090" /><testcase classname="test_case.test_baidu.TestBaidu" name="test_baidu_006[1-Selenium]" time="2.598" /><testcase classname="test_case.test_baidu.TestBaidu" name="test_baidu_006[2-playwright]" time="4.314" /><testcase classname="test_case.test_inventory.TestInventory" name="test_grounding_onleysale" time="42.793" /><testcase classname="test_case.test_inventory.TestInventory" name="test_grounding" time="12.965"><failure message="playwright._impl._api_types.Error: Error: strict mode violation: locator(&quot;text=显示全部&quot;) resolved to 2 elements:&#10;    1) &lt;div unselectable=&quot;on&quot; class=&quot;ant-select-selection__p…&gt;显示全部&lt;/div&gt; aka locator(&quot;div&quot;).filter(has_text=&quot;显示全部&quot;)&#10;    2) &lt;span data-v-59e79b09=&quot;&quot;&gt;显示全部&lt;/span&gt; aka locator(&quot;span&quot;).filter(has_text=&quot;显示全部&quot;)&#10;&#10;=========================== logs ===========================&#10;waiting for locator(&quot;text=显示全部&quot;)&#10;============================================================">self = &lt;test_case.test_inventory.TestInventory object at 0x10f1fcdf0&gt;
page = &lt;Page url='https://testwww.youpin898.com/stock?gameId=730&amp;tabKey=1'&gt;

    @allure.story("可租可买-单个上架")
    # 点击我的库存
    def test_grounding(self, page):
        page.locator(InventoryPage.my_inventory).click()
        # 库存加载较慢，设置一个等待时间
        page.wait_for_timeout(10000)
&gt;       page.locator(InventoryPage.show_all).click()

test_case/test_inventory.py:62: 
_ _ _ _ _ _ _ _ _ _ _ _ _ _ _ _ _ _ _ _ _ _ _ _ _ _ _ _ _ _ _ _ _ _ _ _ _ _ _ _ 
venv/lib/python3.10/site-packages/playwright/sync_api/_generated.py:15388: in click
    self._sync(
venv/lib/python3.10/site-packages/playwright/_impl/_locator.py:146: in click
    return await self._frame.click(self._selector, strict=True, **params)
venv/lib/python3.10/site-packages/playwright/_impl/_frame.py:489: in click
    await self._channel.send("click", locals_to_params(locals()))
venv/lib/python3.10/site-packages/playwright/_impl/_connection.py:44: in send
    return await self._connection.wrap_api_call(
venv/lib/python3.10/site-packages/playwright/_impl/_connection.py:419: in wrap_api_call
    return await cb()
_ _ _ _ _ _ _ _ _ _ _ _ _ _ _ _ _ _ _ _ _ _ _ _ _ _ _ _ _ _ _ _ _ _ _ _ _ _ _ _ 

self = &lt;playwright._impl._connection.Channel object at 0x10f5e2c80&gt;
method = 'click', params = {'selector': 'text=显示全部', 'strict': True}
return_as_dict = False

    async def inner_send(
        self, method: str, params: Optional[Dict], return_as_dict: bool
    ) -&gt; Any:
        if params is None:
            params = {}
        callback = self._connection._send_message_to_server(self._guid, method, params)
        if self._connection._error:
            error = self._connection._error
            self._connection._error = None
            raise error
        done, _ = await asyncio.wait(
            {
                self._connection._transport.on_error_future,
                callback.future,
            },
            return_when=asyncio.FIRST_COMPLETED,
        )
        if not callback.future.done():
            callback.future.cancel()
&gt;       result = next(iter(done)).result()
E       playwright._impl._api_types.Error: Error: strict mode violation: locator("text=显示全部") resolved to 2 elements:
E           1) &lt;div unselectable="on" class="ant-select-selection__p…&gt;显示全部&lt;/div&gt; aka locator("div").filter(has_text="显示全部")
E           2) &lt;span data-v-59e79b09=""&gt;显示全部&lt;/span&gt; aka locator("span").filter(has_text="显示全部")
E       
E       =========================== logs ===========================
E       waiting for locator("text=显示全部")
E       ============================================================

venv/lib/python3.10/site-packages/playwright/_impl/_connection.py:79: Error</failure></testcase><testcase classname="test_case.test_login.TestLogin" name="test_login_001" time="5.413" /></testsuite></testsuites>