<?xml version="1.0" encoding="utf-8"?><testsuites><testsuite name="pytest" errors="0" failures="2" skipped="0" tests="11" time="118.950" timestamp="2023-03-03T14:58:14.415141" hostname="111deMacBook-Pro.local"><testcase classname="test_case.test_baidu.TestBaidu" name="test_baidu_001" time="8.278" /><testcase classname="test_case.test_baidu.TestBaidu" name="test_baidu_002" time="2.871" /><testcase classname="test_case.test_baidu.TestBaidu" name="test_baidu_003" time="0.468" /><testcase classname="test_case.test_baidu.TestBaidu" name="test_baidu_004[case1]" time="2.584" /><testcase classname="test_case.test_baidu.TestBaidu" name="test_baidu_004[case2]" time="2.537" /><testcase classname="test_case.test_baidu.TestBaidu" name="test_baidu_004[case3]" time="2.935" /><testcase classname="test_case.test_baidu.TestBaidu" name="test_baidu_006[1-Selenium]" time="2.548" /><testcase classname="test_case.test_baidu.TestBaidu" name="test_baidu_006[2-playwright]" time="3.956" /><testcase classname="test_case.test_inventory.TestInventory" name="test_grounding_onleysale" time="33.822"><failure message="playwright._impl._api_types.TimeoutError: Timeout 30000ms exceeded.&#10;=========================== logs ===========================&#10;waiting for locator(&quot;xpath=//html/body/div[2]/div/div/div[1]/div/ul/li[7]/a/span&quot;)&#10;  locator resolved to &lt;span class=&quot;f14&quot; data-v-448173c4=&quot;&quot;&gt;我的库存&lt;/span&gt;&#10;attempting click action&#10;  waiting for element to be visible, enabled and stable&#10;    element is not visible - waiting...&#10;============================================================">self = &lt;test_case.test_inventory.TestInventory object at 0x11380c400&gt;
page = &lt;Page url='https://testwww.youpin898.com/'&gt;

    @allure.story("只卖不租-单个上架")
    def test_grounding_onleysale(self, page):
        # 点击我的库存
&gt;       page.locator(InventoryPage.my_inventory).click()

test_case/test_inventory.py:19: 
_ _ _ _ _ _ _ _ _ _ _ _ _ _ _ _ _ _ _ _ _ _ _ _ _ _ _ _ _ _ _ _ _ _ _ _ _ _ _ _ 
venv/lib/python3.10/site-packages/playwright/sync_api/_generated.py:15388: in click
    self._sync(
venv/lib/python3.10/site-packages/playwright/_impl/_locator.py:146: in click
    return await self._frame.click(self._selector, strict=True, **params)
venv/lib/python3.10/site-packages/playwright/_impl/_frame.py:489: in click
    await self._channel.send("click", locals_to_params(locals()))
venv/lib/python3.10/site-packages/playwright/_impl/_connection.py:44: in send
    return await self._connection.wrap_api_call(
venv/lib/python3.10/site-packages/playwright/_impl/_connection.py:419: in wrap_api_call
    return await cb()
_ _ _ _ _ _ _ _ _ _ _ _ _ _ _ _ _ _ _ _ _ _ _ _ _ _ _ _ _ _ _ _ _ _ _ _ _ _ _ _ 

self = &lt;playwright._impl._connection.Channel object at 0x113bb09d0&gt;
method = 'click'
params = {'selector': 'xpath=//html/body/div[2]/div/div/div[1]/div/ul/li[7]/a/span', 'strict': True}
return_as_dict = False

    async def inner_send(
        self, method: str, params: Optional[Dict], return_as_dict: bool
    ) -&gt; Any:
        if params is None:
            params = {}
        callback = self._connection._send_message_to_server(self._guid, method, params)
        if self._connection._error:
            error = self._connection._error
            self._connection._error = None
            raise error
        done, _ = await asyncio.wait(
            {
                self._connection._transport.on_error_future,
                callback.future,
            },
            return_when=asyncio.FIRST_COMPLETED,
        )
        if not callback.future.done():
            callback.future.cancel()
&gt;       result = next(iter(done)).result()
E       playwright._impl._api_types.TimeoutError: Timeout 30000ms exceeded.
E       =========================== logs ===========================
E       waiting for locator("xpath=//html/body/div[2]/div/div/div[1]/div/ul/li[7]/a/span")
E         locator resolved to &lt;span class="f14" data-v-448173c4=""&gt;我的库存&lt;/span&gt;
E       attempting click action
E         waiting for element to be visible, enabled and stable
E           element is not visible - waiting...
E       ============================================================

venv/lib/python3.10/site-packages/playwright/_impl/_connection.py:79: TimeoutError</failure></testcase><testcase classname="test_case.test_inventory.TestInventory" name="test_grounding" time="31.564"><failure message="playwright._impl._api_types.TimeoutError: Timeout 30000ms exceeded.&#10;=========================== logs ===========================&#10;waiting for locator(&quot;xpath=//html/body/div[2]/div/div/div[1]/div/ul/li[7]/a/span&quot;)&#10;  locator resolved to &lt;span class=&quot;f14&quot; data-v-448173c4=&quot;&quot;&gt;我的库存&lt;/span&gt;&#10;attempting click action&#10;  waiting for element to be visible, enabled and stable&#10;    element is not visible - waiting...&#10;============================================================">self = &lt;test_case.test_inventory.TestInventory object at 0x11380c490&gt;
page = &lt;Page url='https://testwww.youpin898.com/'&gt;

    @allure.story("可租可买-单个上架")
    # 点击我的库存
    def test_grounding(self, page):
&gt;       page.locator(InventoryPage.my_inventory).click()

test_case/test_inventory.py:59: 
_ _ _ _ _ _ _ _ _ _ _ _ _ _ _ _ _ _ _ _ _ _ _ _ _ _ _ _ _ _ _ _ _ _ _ _ _ _ _ _ 
venv/lib/python3.10/site-packages/playwright/sync_api/_generated.py:15388: in click
    self._sync(
venv/lib/python3.10/site-packages/playwright/_impl/_locator.py:146: in click
    return await self._frame.click(self._selector, strict=True, **params)
venv/lib/python3.10/site-packages/playwright/_impl/_frame.py:489: in click
    await self._channel.send("click", locals_to_params(locals()))
venv/lib/python3.10/site-packages/playwright/_impl/_connection.py:44: in send
    return await self._connection.wrap_api_call(
venv/lib/python3.10/site-packages/playwright/_impl/_connection.py:419: in wrap_api_call
    return await cb()
_ _ _ _ _ _ _ _ _ _ _ _ _ _ _ _ _ _ _ _ _ _ _ _ _ _ _ _ _ _ _ _ _ _ _ _ _ _ _ _ 

self = &lt;playwright._impl._connection.Channel object at 0x113bb09d0&gt;
method = 'click'
params = {'selector': 'xpath=//html/body/div[2]/div/div/div[1]/div/ul/li[7]/a/span', 'strict': True}
return_as_dict = False

    async def inner_send(
        self, method: str, params: Optional[Dict], return_as_dict: bool
    ) -&gt; Any:
        if params is None:
            params = {}
        callback = self._connection._send_message_to_server(self._guid, method, params)
        if self._connection._error:
            error = self._connection._error
            self._connection._error = None
            raise error
        done, _ = await asyncio.wait(
            {
                self._connection._transport.on_error_future,
                callback.future,
            },
            return_when=asyncio.FIRST_COMPLETED,
        )
        if not callback.future.done():
            callback.future.cancel()
&gt;       result = next(iter(done)).result()
E       playwright._impl._api_types.TimeoutError: Timeout 30000ms exceeded.
E       =========================== logs ===========================
E       waiting for locator("xpath=//html/body/div[2]/div/div/div[1]/div/ul/li[7]/a/span")
E         locator resolved to &lt;span class="f14" data-v-448173c4=""&gt;我的库存&lt;/span&gt;
E       attempting click action
E         waiting for element to be visible, enabled and stable
E           element is not visible - waiting...
E       ============================================================

venv/lib/python3.10/site-packages/playwright/_impl/_connection.py:79: TimeoutError</failure></testcase><testcase classname="test_case.test_login.TestLogin" name="test_login_001" time="26.392" /></testsuite></testsuites>