<?xml version="1.0" encoding="utf-8"?><testsuites><testsuite name="pytest" errors="0" failures="0" skipped="0" tests="11" time="118.715" timestamp="2023-03-09T17:08:41.187234" hostname="111deMacBook-Pro.local"><testcase classname="test_case.test_baidu.TestBaidu" name="test_baidu_001" time="11.661" /><testcase classname="test_case.test_baidu.TestBaidu" name="test_baidu_002" time="2.946" /><testcase classname="test_case.test_baidu.TestBaidu" name="test_baidu_003" time="0.592" /><testcase classname="test_case.test_baidu.TestBaidu" name="test_baidu_004[case1]" time="3.156" /><testcase classname="test_case.test_baidu.TestBaidu" name="test_baidu_004[case2]" time="2.998" /><testcase classname="test_case.test_baidu.TestBaidu" name="test_baidu_004[case3]" time="2.729" /><testcase classname="test_case.test_baidu.TestBaidu" name="test_baidu_006[1-Selenium]" time="3.714" /><testcase classname="test_case.test_baidu.TestBaidu" name="test_baidu_006[2-playwright]" time="4.427" /><testcase classname="test_case.test_inventory.TestInventory" name="test_grounding_onleysale" time="42.751" /><testcase classname="test_case.test_inventory.TestInventory" name="test_grounding" time="37.159" /><testcase classname="test_case.test_login.TestLogin" name="test_login_001[15557993305-888888]" time="6.046" /></testsuite></testsuites>