<?xml version="1.0" encoding="utf-8"?><testsuites><testsuite name="pytest" errors="0" failures="0" skipped="0" tests="11" time="112.556" timestamp="2023-03-03T15:14:31.131324" hostname="111deMacBook-Pro.local"><testcase classname="test_case.test_baidu.TestBaidu" name="test_baidu_001" time="8.104" /><testcase classname="test_case.test_baidu.TestBaidu" name="test_baidu_002" time="2.982" /><testcase classname="test_case.test_baidu.TestBaidu" name="test_baidu_003" time="0.734" /><testcase classname="test_case.test_baidu.TestBaidu" name="test_baidu_004[case1]" time="2.478" /><testcase classname="test_case.test_baidu.TestBaidu" name="test_baidu_004[case2]" time="2.644" /><testcase classname="test_case.test_baidu.TestBaidu" name="test_baidu_004[case3]" time="2.562" /><testcase classname="test_case.test_baidu.TestBaidu" name="test_baidu_006[1-Selenium]" time="2.570" /><testcase classname="test_case.test_baidu.TestBaidu" name="test_baidu_006[2-playwright]" time="3.869" /><testcase classname="test_case.test_inventory.TestInventory" name="test_grounding_onleysale" time="42.118" /><testcase classname="test_case.test_inventory.TestInventory" name="test_grounding" time="36.927" /><testcase classname="test_case.test_login.TestLogin" name="test_login_001" time="7.029" /></testsuite></testsuites>