<?xml version="1.0" encoding="utf-8"?><testsuites><testsuite name="pytest" errors="0" failures="0" skipped="0" tests="8" time="64.747" timestamp="2023-03-03T15:10:04.582260" hostname="111deMacBook-Pro.local"><testcase classname="test_case.test_baidu.TestBaidu" name="test_baidu_001" time="12.468" /><testcase classname="test_case.test_baidu.TestBaidu" name="test_baidu_002" time="2.926" /><testcase classname="test_case.test_baidu.TestBaidu" name="test_baidu_003" time="0.717" /><testcase classname="test_case.test_baidu.TestBaidu" name="test_baidu_004[case1]" time="2.686" /><testcase classname="test_case.test_baidu.TestBaidu" name="test_baidu_004[case2]" time="2.482" /><testcase classname="test_case.test_baidu.TestBaidu" name="test_baidu_004[case3]" time="2.643" /><testcase classname="test_case.test_baidu.TestBaidu" name="test_baidu_006[1-Selenium]" time="2.609" /><testcase classname="test_case.test_baidu.TestBaidu" name="test_baidu_006[2-playwright]" time="4.468" /></testsuite></testsuites>