<?xml version="1.0" encoding="utf-8"?><testsuites><testsuite name="pytest" errors="0" failures="2" skipped="0" tests="11" time="117.091" timestamp="2023-03-09T17:05:01.104723" hostname="111deMacBook-Pro.local"><testcase classname="test_case.test_baidu.TestBaidu" name="test_baidu_001" time="10.826" /><testcase classname="test_case.test_baidu.TestBaidu" name="test_baidu_002" time="2.808" /><testcase classname="test_case.test_baidu.TestBaidu" name="test_baidu_003" time="0.751" /><testcase classname="test_case.test_baidu.TestBaidu" name="test_baidu_004[case1]" time="2.689" /><testcase classname="test_case.test_baidu.TestBaidu" name="test_baidu_004[case2]" time="2.757" /><testcase classname="test_case.test_baidu.TestBaidu" name="test_baidu_004[case3]" time="2.476" /><testcase classname="test_case.test_baidu.TestBaidu" name="test_baidu_006[1-Selenium]" time="2.615" /><testcase classname="test_case.test_baidu.TestBaidu" name="test_baidu_006[2-playwright]" time="4.184" /><testcase classname="test_case.test_inventory.TestInventory" name="test_grounding_onleysale" time="34.099"><failure message="playwright._impl._api_types.TimeoutError: Timeout 30000ms exceeded.&#10;=========================== logs ===========================&#10;waiting for locator(&quot;xpath=//html/body/div[2]/div/div/div[1]/div/ul/li[7]/a/span&quot;)&#10;  locator resolved to &lt;span class=&quot;f14&quot; data-v-448173c4=&quot;&quot;&gt;我的库存&lt;/span&gt;&#10;attempting click action&#10;  waiting for element to be visible, enabled and stable&#10;    element is not visible - waiting...&#10;============================================================">self = &lt;test_case.test_inventory.TestInventory object at 0x1133a0370&gt;
page = &lt;Page url='https://testwww.youpin898.com/'&gt;

    @allure.story("只卖不租-单个上架")
    def test_grounding_onleysale(self, page):
        # 点击我的库存
&gt;       page.locator(InventoryPage.my_inventory).click()

../playwright-pytest-demo-master/test_case/test_inventory.py:30: 
_ _ _ _ _ _ _ _ _ _ _ _ _ _ _ _ _ _ _ _ _ _ _ _ _ _ _ _ _ _ _ _ _ _ _ _ _ _ _ _ 
venv/lib/python3.10/site-packages/playwright/sync_api/_generated.py:15388: in click
    self._sync(
venv/lib/python3.10/site-packages/playwright/_impl/_locator.py:146: in click
    return await self._frame.click(self._selector, strict=True, **params)
venv/lib/python3.10/site-packages/playwright/_impl/_frame.py:489: in click
    await self._channel.send("click", locals_to_params(locals()))
venv/lib/python3.10/site-packages/playwright/_impl/_connection.py:44: in send
    return await self._connection.wrap_api_call(
venv/lib/python3.10/site-packages/playwright/_impl/_connection.py:419: in wrap_api_call
    return await cb()
_ _ _ _ _ _ _ _ _ _ _ _ _ _ _ _ _ _ _ _ _ _ _ _ _ _ _ _ _ _ _ _ _ _ _ _ _ _ _ _ 

self = &lt;playwright._impl._connection.Channel object at 0x113774190&gt;
method = 'click'
params = {'selector': 'xpath=//html/body/div[2]/div/div/div[1]/div/ul/li[7]/a/span', 'strict': True}
return_as_dict = False

    async def inner_send(
        self, method: str, params: Optional[Dict], return_as_dict: bool
    ) -&gt; Any:
        if params is None:
            params = {}
        callback = self._connection._send_message_to_server(self._guid, method, params)
        if self._connection._error:
            error = self._connection._error
            self._connection._error = None
            raise error
        done, _ = await asyncio.wait(
            {
                self._connection._transport.on_error_future,
                callback.future,
            },
            return_when=asyncio.FIRST_COMPLETED,
        )
        if not callback.future.done():
            callback.future.cancel()
&gt;       result = next(iter(done)).result()
E       playwright._impl._api_types.TimeoutError: Timeout 30000ms exceeded.
E       =========================== logs ===========================
E       waiting for locator("xpath=//html/body/div[2]/div/div/div[1]/div/ul/li[7]/a/span")
E         locator resolved to &lt;span class="f14" data-v-448173c4=""&gt;我的库存&lt;/span&gt;
E       attempting click action
E         waiting for element to be visible, enabled and stable
E           element is not visible - waiting...
E       ============================================================

venv/lib/python3.10/site-packages/playwright/_impl/_connection.py:79: TimeoutError</failure></testcase><testcase classname="test_case.test_inventory.TestInventory" name="test_grounding" time="42.601"><failure message="playwright._impl._api_types.TimeoutError: Timeout 30000ms exceeded.&#10;=========================== logs ===========================&#10;waiting for locator(&quot;xpath=//html/body/div[2]/div/div/div[3]/div[1]/div[4]/div/div/div[2]/div[1]/div[1]/label/span[1]/input&quot;)&#10;============================================================">self = &lt;test_case.test_inventory.TestInventory object at 0x1133a0640&gt;
page = &lt;Page url='https://testwww.youpin898.com/'&gt;

    @allure.story("可租可买-单个上架")
    # 点击我的库存
    def test_grounding(self, page):
        # page.locator(InventoryPage.my_inventory).click()
        # 库存加载较慢，设置一个等待时间
        page.wait_for_timeout(10000)
        # 点击可出售筛选项
        # page.locator(InventoryPage.show_can_sale).click()
        # page.wait_for_timeout(5000)
        # 选择商品
&gt;       page.locator(InventoryPage.select_goods).click()

../playwright-pytest-demo-master/test_case/test_inventory.py:77: 
_ _ _ _ _ _ _ _ _ _ _ _ _ _ _ _ _ _ _ _ _ _ _ _ _ _ _ _ _ _ _ _ _ _ _ _ _ _ _ _ 
venv/lib/python3.10/site-packages/playwright/sync_api/_generated.py:15388: in click
    self._sync(
venv/lib/python3.10/site-packages/playwright/_impl/_locator.py:146: in click
    return await self._frame.click(self._selector, strict=True, **params)
venv/lib/python3.10/site-packages/playwright/_impl/_frame.py:489: in click
    await self._channel.send("click", locals_to_params(locals()))
venv/lib/python3.10/site-packages/playwright/_impl/_connection.py:44: in send
    return await self._connection.wrap_api_call(
venv/lib/python3.10/site-packages/playwright/_impl/_connection.py:419: in wrap_api_call
    return await cb()
_ _ _ _ _ _ _ _ _ _ _ _ _ _ _ _ _ _ _ _ _ _ _ _ _ _ _ _ _ _ _ _ _ _ _ _ _ _ _ _ 

self = &lt;playwright._impl._connection.Channel object at 0x113774190&gt;
method = 'click'
params = {'selector': 'xpath=//html/body/div[2]/div/div/div[3]/div[1]/div[4]/div/div/div[2]/div[1]/div[1]/label/span[1]/input', 'strict': True}
return_as_dict = False

    async def inner_send(
        self, method: str, params: Optional[Dict], return_as_dict: bool
    ) -&gt; Any:
        if params is None:
            params = {}
        callback = self._connection._send_message_to_server(self._guid, method, params)
        if self._connection._error:
            error = self._connection._error
            self._connection._error = None
            raise error
        done, _ = await asyncio.wait(
            {
                self._connection._transport.on_error_future,
                callback.future,
            },
            return_when=asyncio.FIRST_COMPLETED,
        )
        if not callback.future.done():
            callback.future.cancel()
&gt;       result = next(iter(done)).result()
E       playwright._impl._api_types.TimeoutError: Timeout 30000ms exceeded.
E       =========================== logs ===========================
E       waiting for locator("xpath=//html/body/div[2]/div/div/div[3]/div[1]/div[4]/div/div/div[2]/div[1]/div[1]/label/span[1]/input")
E       ============================================================

venv/lib/python3.10/site-packages/playwright/_impl/_connection.py:79: TimeoutError</failure></testcase><testcase classname="test_case.test_login.TestLogin" name="test_login_001[15557993305-888888]" time="9.871" /></testsuite></testsuites>